\BOOKMARK [0][-]{chapter.1}{Introduktion}{}% 1
\BOOKMARK [1][-]{section.1.1}{Hvad bliver ikke d\346kket}{chapter.1}% 2
\BOOKMARK [1][-]{section.1.2}{Kommando opbygning}{chapter.1}% 3
\BOOKMARK [1][-]{section.1.3}{MAN - Din ven i m\370rket}{chapter.1}% 4
\BOOKMARK [0][-]{chapter.2}{Navigering i filsystemet}{}% 5
\BOOKMARK [1][-]{section.2.1}{PWD - hvor er vi?}{chapter.2}% 6
\BOOKMARK [1][-]{section.2.2}{LS - Hvad er der her?}{chapter.2}% 7
\BOOKMARK [1][-]{section.2.3}{CD - Jeg vil v\346k}{chapter.2}% 8
\BOOKMARK [1][-]{section.2.4}{MKDIR - Ny mappe}{chapter.2}% 9
\BOOKMARK [1][-]{section.2.5}{CP - Kopi}{chapter.2}% 10
\BOOKMARK [1][-]{section.2.6}{MV - Flyt dig}{chapter.2}% 11
\BOOKMARK [1][-]{section.2.7}{RM - V\346k med dig}{chapter.2}% 12
\BOOKMARK [0][-]{chapter.3}{S\345 kikker vi p\345 diske}{}% 13
\BOOKMARK [1][-]{section.3.1}{df - fri disk}{chapter.3}% 14
\BOOKMARK [2][-]{subsection.3.1.1}{-h - Menneskligt l\346sligt}{section.3.1}% 15
\BOOKMARK [0][-]{chapter.4}{Historie}{}% 16
\BOOKMARK [0][-]{chapter.5}{Processer}{}% 17
\BOOKMARK [1][-]{section.5.1}{TOP hvad k\370rer}{chapter.5}% 18
\BOOKMARK [1][-]{section.5.2}{KILL og PKILL}{chapter.5}% 19
\BOOKMARK [2][-]{subsection.5.2.1}{PKILL - Vi dr\346ber p\345 navn}{section.5.2}% 20
\BOOKMARK [0][-]{appendix.A}{Ordliste}{}% 21
